2023.01.07 04:36:27 INFO  tracing is disabled for protocol LSP, to enable tracing of incoming and outgoing JSON messages create an empty file at /home/alexandre/Documents/estudos/TP1/carrental/.metals/lsp.trace.json or /home/alexandre/.cache/metals/lsp.trace.json[0m
2023.01.07 04:36:32 INFO  logging to file /home/alexandre/Documents/estudos/TP1/carrental/.metals/metals.log[0m
2023.01.07 04:36:32 INFO  Started: Metals version 0.11.10 in workspace '/home/alexandre/Documents/estudos/TP1/carrental' for client Visual Studio Code 1.74.2.[0m
SLF4J: No SLF4J providers were found.
SLF4J: Defaulting to no-operation (NOP) logger implementation
SLF4J: See https://www.slf4j.org/codes.html#noProviders for further details.
SLF4J: Class path contains SLF4J bindings targeting slf4j-api versions 1.7.x or earlier.
SLF4J: Ignoring binding found at [jar:file:/home/alexandre/.cache/coursier/v1/https/repo1.maven.org/maven2/com/outr/scribe-slf4j_2.13/3.10.5/scribe-slf4j_2.13-3.10.5.jar!/org/slf4j/impl/StaticLoggerBinder.class]
SLF4J: See https://www.slf4j.org/codes.html#ignoredBindings for an explanation.
2023.01.07 04:36:40 INFO  time: initialize in 7.68s[0m
2023.01.07 04:36:52 WARN  Build server is not auto-connectable.[0m
2023.01.07 04:36:52 WARN  no build tool detected in workspace '/home/alexandre/Documents/estudos/TP1/carrental'. The most common cause for this problem is that the editor was opened in the wrong working directory, for example if you use sbt then the workspace directory should contain build.sbt. [0m
2023.01.07 04:36:52 WARN  no build target for: /home/alexandre/Documents/estudos/TP1/carrental/src/model/entities/Vehicle.java[0m
jan. 07, 2023 4:36:53 AM org.eclipse.lsp4j.jsonrpc.RemoteEndpoint handleCancellation
WARNING: Unmatched cancel notification for request id 3
jan. 07, 2023 4:36:53 AM org.eclipse.lsp4j.jsonrpc.RemoteEndpoint handleCancellation
WARNING: Unmatched cancel notification for request id 4
jan. 07, 2023 4:36:53 AM org.eclipse.lsp4j.jsonrpc.RemoteEndpoint handleCancellation
WARNING: Unmatched cancel notification for request id 6
2023.01.07 04:36:57 INFO  time: code lens generation in 4.17s[0m
2023.01.07 04:36:57 INFO  time: code lens generation in 4.36s[0m
jan. 07, 2023 4:36:57 AM org.eclipse.lsp4j.jsonrpc.RemoteEndpoint handleCancellation
WARNING: Unmatched cancel notification for request id 5
jan. 07, 2023 4:36:57 AM org.eclipse.lsp4j.jsonrpc.RemoteEndpoint handleCancellation
WARNING: Unmatched cancel notification for request id 8
jan. 07, 2023 4:36:57 AM org.eclipse.lsp4j.jsonrpc.RemoteEndpoint handleCancellation
WARNING: Unmatched cancel notification for request id 11
jan. 07, 2023 4:36:57 AM org.eclipse.lsp4j.jsonrpc.RemoteEndpoint handleCancellation
WARNING: Unmatched cancel notification for request id 10
jan. 07, 2023 4:36:57 AM org.eclipse.lsp4j.jsonrpc.RemoteEndpoint handleCancellation
WARNING: Unmatched cancel notification for request id 13
jan. 07, 2023 4:36:57 AM org.eclipse.lsp4j.jsonrpc.RemoteEndpoint handleCancellation
WARNING: Unmatched cancel notification for request id 12
jan. 07, 2023 4:36:57 AM org.eclipse.lsp4j.jsonrpc.RemoteEndpoint handleCancellation
WARNING: Unmatched cancel notification for request id 15
jan. 07, 2023 4:36:57 AM org.eclipse.lsp4j.jsonrpc.RemoteEndpoint handleCancellation
WARNING: Unmatched cancel notification for request id 18
jan. 07, 2023 4:36:58 AM org.eclipse.lsp4j.jsonrpc.RemoteEndpoint handleCancellation
WARNING: Unmatched cancel notification for request id 9
jan. 07, 2023 4:36:58 AM org.eclipse.lsp4j.jsonrpc.RemoteEndpoint handleCancellation
WARNING: Unmatched cancel notification for request id 17
jan. 07, 2023 4:36:58 AM org.eclipse.lsp4j.jsonrpc.RemoteEndpoint handleCancellation
WARNING: Unmatched cancel notification for request id 20
jan. 07, 2023 4:36:58 AM org.eclipse.lsp4j.jsonrpc.RemoteEndpoint handleCancellation
WARNING: Unmatched cancel notification for request id 22
jan. 07, 2023 4:36:58 AM org.eclipse.lsp4j.jsonrpc.RemoteEndpoint handleCancellation
WARNING: Unmatched cancel notification for request id 21
jan. 07, 2023 4:36:59 AM org.eclipse.lsp4j.jsonrpc.RemoteEndpoint handleCancellation
WARNING: Unmatched cancel notification for request id 27
jan. 07, 2023 4:36:59 AM org.eclipse.lsp4j.jsonrpc.RemoteEndpoint handleCancellation
WARNING: Unmatched cancel notification for request id 28
jan. 07, 2023 4:36:59 AM org.eclipse.lsp4j.jsonrpc.RemoteEndpoint handleCancellation
WARNING: Unmatched cancel notification for request id 30
jan. 07, 2023 4:36:59 AM org.eclipse.lsp4j.jsonrpc.RemoteEndpoint handleCancellation
WARNING: Unmatched cancel notification for request id 31
2023.01.07 04:37:52 WARN  no build target for: /home/alexandre/Documents/estudos/TP1/carrental/src/model/entities/Vehicle.java[0m
2023.01.07 04:38:10 WARN  no build target for: /home/alexandre/Documents/estudos/TP1/carrental/src/model/entities/CarRental.java[0m
2023.01.07 04:39:40 WARN  no build target for: /home/alexandre/Documents/estudos/TP1/carrental/src/model/entities/Invoice.java[0m
2023.01.07 04:41:07 WARN  no build target for: /home/alexandre/Documents/estudos/TP1/carrental/src/model/entities/Invoice.java[0m
2023.01.07 04:41:57 WARN  no build target for: /home/alexandre/Documents/estudos/TP1/carrental/src/model/entities/Invoice.java[0m
2023.01.07 04:43:37 WARN  no build target for: /home/alexandre/Documents/estudos/TP1/carrental/src/model/entities/CarRental.java[0m
2023.01.07 04:43:39 WARN  no build target for: /home/alexandre/Documents/estudos/TP1/carrental/src/model/entities/CarRental.java[0m
2023.01.07 04:43:48 WARN  no build target for: /home/alexandre/Documents/estudos/TP1/carrental/src/model/entities/CarRental.java[0m
2023.01.07 04:44:22 WARN  no build target for: /home/alexandre/Documents/estudos/TP1/carrental/src/model/entities/Invoice.java[0m
2023.01.07 04:44:28 WARN  no build target for: /home/alexandre/Documents/estudos/TP1/carrental/src/model/entities/Vehicle.java[0m
2023.01.07 04:44:44 WARN  no build target for: /home/alexandre/Documents/estudos/TP1/carrental/src/application/Program.java[0m
2023.01.07 04:45:05 WARN  no build target for: /home/alexandre/Documents/estudos/TP1/carrental/src/application/Program.java[0m
jan. 07, 2023 4:45:26 AM org.eclipse.lsp4j.jsonrpc.RemoteEndpoint handleCancellation
WARNING: Unmatched cancel notification for request id 680
2023.01.07 04:45:50 WARN  no build target for: /home/alexandre/Documents/estudos/TP1/carrental/src/model/entities/CarRental.java[0m
2023.01.07 04:46:59 WARN  no build target for: /home/alexandre/Documents/estudos/TP1/carrental/src/model/entities/Invoice.java[0m
2023.01.07 04:47:04 WARN  no build target for: /home/alexandre/Documents/estudos/TP1/carrental/src/model/entities/Invoice.java[0m
2023.01.07 04:48:52 WARN  no build target for: /home/alexandre/Documents/estudos/TP1/carrental/src/model/services/BrazilTaxService.java[0m
jan. 07, 2023 4:48:52 AM org.eclipse.lsp4j.jsonrpc.RemoteEndpoint handleCancellation
WARNING: Unmatched cancel notification for request id 768
2023.01.07 04:49:58 WARN  no build target for: /home/alexandre/Documents/estudos/TP1/carrental/src/model/services/BrazilTaxService.java[0m
2023.01.07 04:51:01 WARN  no build target for: /home/alexandre/Documents/estudos/TP1/carrental/src/model/services/RentalService.java[0m
jan. 07, 2023 4:51:14 AM org.eclipse.lsp4j.jsonrpc.RemoteEndpoint handleCancellation
WARNING: Unmatched cancel notification for request id 1024
2023.01.07 04:53:11 WARN  no build target for: /home/alexandre/Documents/estudos/TP1/carrental/src/model/services/RentalService.java[0m
jan. 07, 2023 4:58:02 AM org.eclipse.lsp4j.jsonrpc.RemoteEndpoint handleCancellation
WARNING: Unmatched cancel notification for request id 1515
jan. 07, 2023 4:59:04 AM org.eclipse.lsp4j.jsonrpc.RemoteEndpoint handleCancellation
WARNING: Unmatched cancel notification for request id 1688
2023.01.07 05:00:58 WARN  no build target for: /home/alexandre/Documents/estudos/TP1/carrental/src/model/services/RentalService.java[0m
2023.01.07 05:01:13 WARN  no build target for: /home/alexandre/Documents/estudos/TP1/carrental/src/model/services/RentalService.java[0m
2023.01.07 05:03:56 WARN  no build target for: /home/alexandre/Documents/estudos/TP1/carrental/src/model/services/TaxService.java[0m
2023.01.07 05:05:07 WARN  no build target for: /home/alexandre/Documents/estudos/TP1/carrental/src/model/services/TaxService.java[0m
2023.01.07 05:05:21 WARN  no build target for: /home/alexandre/Documents/estudos/TP1/carrental/src/model/services/BrazilTaxService.java[0m
2023.01.07 05:05:26 WARN  no build target for: /home/alexandre/Documents/estudos/TP1/carrental/src/model/services/RentalService.java[0m
2023.01.07 05:05:36 WARN  no build target for: /home/alexandre/Documents/estudos/TP1/carrental/src/model/services/RentalService.java[0m
2023.01.07 05:23:55 INFO  shutting down Metals[0m
